-------------------------------------------------------------------------------
Test set: org.example.MyMojoTest
-------------------------------------------------------------------------------
Tests run: 2, Failures: 1, Errors: 0, Skipped: 0, Time elapsed: 3.183 s <<< FAILURE! - in org.example.MyMojoTest
testSomething(org.example.MyMojoTest)  Time elapsed: 3.083 s  <<< FAILURE!
java.lang.AssertionError
	at org.example.MyMojoTest.testSomething(MyMojoTest.java:43)

