<?xml version="1.0" encoding="UTF-8"?>
<testsuite xmlns:xsi="http://www.w3.org/2001/XMLSchema-instance" xsi:noNamespaceSchemaLocation="https://maven.apache.org/surefire/maven-surefire-plugin/xsd/surefire-test-report.xsd" name="org.example.MyMojoTest" time="5.148" tests="2" errors="0" skipped="0" failures="1">
  <properties>
[...]
</properties>
  <testcase name="testSomething" classname="org.example.MyMojoTest" time="5.012">
    <failure type="java.lang.AssertionError">java.lang.AssertionError
	at org.example.MyMojoTest.testSomething(MyMojoTest.java:45)
</failure>
  </testcase>
  <testcase name="testSomethingWhichDoesNotNeedTheMojoAndProbablyShouldBeExtractedIntoANewClassOfItsOwn" classname="org.example.MyMojoTest" time="0"/>
</testsuite>