<?xml version="1.0" encoding="UTF-8" ?>
<testsuite tests="40" failures="0" name="calc.SimpleCalculatorAllTest" time="0.016" errors="0" skipped="0">
  <properties>
[...]
</properties>
  <testcase classname="calc.SimpleCalculatorDiffTest" name="whenTryToMakeAnExceptionThenDoIt[Test №0: 4 - 2 = 2]" time="0.008"/>
  <testcase classname="calc.SimpleCalculatorDiffTest" name="whenTryToDiffDifferentNumbersThenDoIt[Test №0: 4 - 2 = 2]" time="0"/>
  <testcase classname="calc.SimpleCalculatorDiffTest" name="whenTryToMakeAnExceptionThenDoIt[Test №1: -1 - 1 = -2]" time="0"/>
  <testcase classname="calc.SimpleCalculatorDiffTest" name="whenTryToDiffDifferentNumbersThenDoIt[Test №1: -1 - 1 = -2]" time="0"/>
  <testcase classname="calc.SimpleCalculatorDiffTest" name="whenTryToMakeAnExceptionThenDoIt[Test №2: 200 - -200 = 400]" time="0"/>
  <testcase classname="calc.SimpleCalculatorDiffTest" name="whenTryToDiffDifferentNumbersThenDoIt[Test №2: 200 - -200 = 400]" time="0"/>
  <testcase classname="calc.SimpleCalculatorDiffTest" name="whenTryToMakeAnExceptionThenDoIt[Test №3: -11 - 1 = -12]" time="0"/>
  <testcase classname="calc.SimpleCalculatorDiffTest" name="whenTryToDiffDifferentNumbersThenDoIt[Test №3: -11 - 1 = -12]" time="0"/>
  <testcase classname="calc.SimpleCalculatorDiffTest" name="whenTryToMakeAnExceptionThenDoIt[Test №4: 20 - 1 = 19]" time="0.008"/>
  <testcase classname="calc.SimpleCalculatorDiffTest" name="whenTryToDiffDifferentNumbersThenDoIt[Test №4: 20 - 1 = 19]" time="0"/>
  <testcase classname="calc.SimpleCalculatorDivTest" name="whenTryToMakeAnExceptionThenDoIt[Test №0: 4 / 2 = 2]" time="0"/>
  <testcase classname="calc.SimpleCalculatorDivTest" name="whenTryToDivDifferentNumbersThenDoIt[Test №0: 4 / 2 = 2]" time="0"/>
  <testcase classname="calc.SimpleCalculatorDivTest" name="whenTryToMakeAnExceptionThenDoIt[Test №1: -1 / 1 = -1]" time="0"/>
  <testcase classname="calc.SimpleCalculatorDivTest" name="whenTryToDivDifferentNumbersThenDoIt[Test №1: -1 / 1 = -1]" time="0"/>
  <testcase classname="calc.SimpleCalculatorDivTest" name="whenTryToMakeAnExceptionThenDoIt[Test №2: 200 / -200 = -1]" time="0"/>
  <testcase classname="calc.SimpleCalculatorDivTest" name="whenTryToDivDifferentNumbersThenDoIt[Test №2: 200 / -200 = -1]" time="0"/>
  <testcase classname="calc.SimpleCalculatorDivTest" name="whenTryToMakeAnExceptionThenDoIt[Test №3: -11 / 1 = -11]" time="0"/>
  <testcase classname="calc.SimpleCalculatorDivTest" name="whenTryToDivDifferentNumbersThenDoIt[Test №3: -11 / 1 = -11]" time="0"/>
  <testcase classname="calc.SimpleCalculatorDivTest" name="whenTryToMakeAnExceptionThenDoIt[Test №4: 20 / 1 = 20]" time="0"/>
  <testcase classname="calc.SimpleCalculatorDivTest" name="whenTryToDivDifferentNumbersThenDoIt[Test №4: 20 / 1 = 20]" time="0"/>
  <testcase classname="calc.SimpleCalculatorMultTest" name="whenTryToMakeAnExceptionThenDoIt[Test №0: 4 * 2 = 8]" time="0"/>
  <testcase classname="calc.SimpleCalculatorMultTest" name="whenTryToMultDifferentNumbersThenDoIt[Test №0: 4 * 2 = 8]" time="0"/>
  <testcase classname="calc.SimpleCalculatorMultTest" name="whenTryToMakeAnExceptionThenDoIt[Test №1: -1 * 1 = -1]" time="0"/>
  <testcase classname="calc.SimpleCalculatorMultTest" name="whenTryToMultDifferentNumbersThenDoIt[Test №1: -1 * 1 = -1]" time="0"/>
  <testcase classname="calc.SimpleCalculatorMultTest" name="whenTryToMakeAnExceptionThenDoIt[Test №2: 200 * -200 = -40 000]" time="0"/>
  <testcase classname="calc.SimpleCalculatorMultTest" name="whenTryToMultDifferentNumbersThenDoIt[Test №2: 200 * -200 = -40 000]" time="0"/>
  <testcase classname="calc.SimpleCalculatorMultTest" name="whenTryToMakeAnExceptionThenDoIt[Test №3: -11 * 1 = -11]" time="0"/>
  <testcase classname="calc.SimpleCalculatorMultTest" name="whenTryToMultDifferentNumbersThenDoIt[Test №3: -11 * 1 = -11]" time="0"/>
  <testcase classname="calc.SimpleCalculatorMultTest" name="whenTryToMakeAnExceptionThenDoIt[Test №4: 20 * 12 = 240]" time="0"/>
  <testcase classname="calc.SimpleCalculatorMultTest" name="whenTryToMultDifferentNumbersThenDoIt[Test №4: 20 * 12 = 240]" time="0"/>
  <testcase classname="calc.SimpleCalculatorSumTest" name="whenTryToMakeAnExceptionThenDoIt[Test №0: 1 + 2 = 3]" time="0"/>
  <testcase classname="calc.SimpleCalculatorSumTest" name="whenTryToAddDifferentNumbersThenDoIt[Test №0: 1 + 2 = 3]" time="0"/>
  <testcase classname="calc.SimpleCalculatorSumTest" name="whenTryToMakeAnExceptionThenDoIt[Test №1: -1 + 1 = 0]" time="0"/>
  <testcase classname="calc.SimpleCalculatorSumTest" name="whenTryToAddDifferentNumbersThenDoIt[Test №1: -1 + 1 = 0]" time="0"/>
  <testcase classname="calc.SimpleCalculatorSumTest" name="whenTryToMakeAnExceptionThenDoIt[Test №2: 100 + -200 = -100]" time="0"/>
  <testcase classname="calc.SimpleCalculatorSumTest" name="whenTryToAddDifferentNumbersThenDoIt[Test №2: 100 + -200 = -100]" time="0"/>
  <testcase classname="calc.SimpleCalculatorSumTest" name="whenTryToMakeAnExceptionThenDoIt[Test №3: -1 + 11 = 10]" time="0"/>
  <testcase classname="calc.SimpleCalculatorSumTest" name="whenTryToAddDifferentNumbersThenDoIt[Test №3: -1 + 11 = 10]" time="0"/>
  <testcase classname="calc.SimpleCalculatorSumTest" name="whenTryToMakeAnExceptionThenDoIt[Test №4: 1 + 20 = 21]" time="0"/>
  <testcase classname="calc.SimpleCalculatorSumTest" name="whenTryToAddDifferentNumbersThenDoIt[Test №4: 1 + 20 = 21]" time="0"/>
</testsuite>